[05:23:01] [main/INFO]: Loading Minecraft 1.21.4 with Fabric Loader 0.16.14
[05:23:04] [main/WARN]: Warnings were found!
 - Mod 'Forge Config API Port' (forgeconfigapiport) 21.4.1 recommends any version of modmenu, which is missing!
	 - You should install any version of modmenu for the optimal experience.
[05:23:04] [main/INFO]: Loading 127 mods:
	- accessories 1.2.19-beta+1.21.4
	- architectury 15.0.3
	- c2me 0.3.1.3.0+1.21.4
	   |-- c2me-base 0.3.1.3.0+1.21.4
	   |-- c2me-client-uncapvd 0.3.1.3.0+1.21.4
	   |-- c2me-fixes-chunkio-threading-issues 0.3.1.3.0+1.21.4
	   |-- c2me-fixes-general-threading-issues 0.3.1.3.0+1.21.4
	   |-- c2me-fixes-worldgen-threading-issues 0.3.1.3.0+1.21.4
	   |-- c2me-fixes-worldgen-vanilla-bugs 0.3.1.3.0+1.21.4
	   |-- c2me-notickvd 0.3.1.3.0+1.21.4
	   |-- c2me-opts-allocs 0.3.1.3.0+1.21.4
	   |-- c2me-opts-chunkio 0.3.1.3.0+1.21.4
	   |-- c2me-opts-dfc 0.3.1.3.0+1.21.4
	   |-- c2me-opts-math 0.3.1.3.0+1.21.4
	   |-- c2me-opts-scheduling 0.3.1.3.0+1.21.4
	   |-- c2me-opts-worldgen-general 0.3.1.3.0+1.21.4
	   |-- c2me-opts-worldgen-vanilla 0.3.1.3.0+1.21.4
	   |-- c2me-rewrites-chunk-serializer 0.3.1.3.0+1.21.4
	   |-- c2me-rewrites-chunk-system 0.3.1.3.0+1.21.4
	   |-- c2me-rewrites-chunkio 0.3.1.3.0+1.21.4
	   |-- c2me-server-utils 0.3.1.3.0+1.21.4
	   |-- c2me-threading-lighting 0.3.1.3.0+1.21.4
	   |-- com_ibm_async_asyncutil 0.1.0
	   |-- io_reactivex_rxjava3_rxjava 3.1.8
	   |-- mixinsquared 0.2.0-beta.6
	   |-- net_objecthunter_exp4j 0.4.8
	   |-- org_jctools_jctools-core 4.0.5
	   \-- org_reactivestreams_reactive-streams 1.0.4
	- cicada 0.13.0+1.21.4
	   \-- org_yaml_snakeyaml 2.2
	- cloth-config 17.0.144
	   \-- cloth-basic-math 0.6.1
	- distanthorizons 2.3.4-b
	   |-- fabric-key-binding-api-v1 1.0.55+7feeb73382
	   |-- fabric-rendering-v1 10.0.0+6a293bdb82
	   \-- fabric-screen-api-v1 2.0.36+7feeb73382
	- do_a_barrel_roll 3.8.1
	- entityculling 1.8.2
	   |-- transition 1.0.3
	   \-- trender 1.0.5
	- fabric-api 0.119.3+1.21.4
	   |-- fabric-api-base 0.4.54+b47eab6b04
	   |-- fabric-api-lookup-api-v1 1.6.86+b1caf1e904
	   |-- fabric-biome-api-v1 15.0.6+b1c29d8e04
	   |-- fabric-block-api-v1 1.0.31+7feeb73304
	   |-- fabric-block-view-api-v2 1.0.20+9c49cc8c04
	   |-- fabric-blockrenderlayer-v1 2.0.8+7feeb73304
	   |-- fabric-client-tags-api-v1 1.1.29+20ea1e2304
	   |-- fabric-command-api-v1 1.2.62+f71b366f04
	   |-- fabric-command-api-v2 2.2.41+e496eb1504
	   |-- fabric-commands-v0 0.2.79+df3654b304
	   |-- fabric-content-registries-v0 9.1.19+25d1a67604
	   |-- fabric-convention-tags-v1 2.1.20+7f945d5b04
	   |-- fabric-convention-tags-v2 2.14.1+aebda09404
	   |-- fabric-crash-report-info-v1 0.3.6+7feeb73304
	   |-- fabric-data-attachment-api-v1 1.6.2+e99da0f704
	   |-- fabric-data-generation-api-v1 22.3.1+0f4e5f5504
	   |-- fabric-dimensions-v1 4.0.10+7feeb73304
	   |-- fabric-entity-events-v1 2.0.15+62245bef04
	   |-- fabric-events-interaction-v0 4.0.4+a4eebcf004
	   |-- fabric-game-rule-api-v1 1.0.63+7d48d43904
	   |-- fabric-item-api-v1 11.3.0+ee91fa1f04
	   |-- fabric-item-group-api-v1 4.2.2+fcb9601404
	   |-- fabric-key-binding-api-v1 1.0.57+7d48d43904
	   |-- fabric-keybindings-v0 0.2.55+df3654b304
	   |-- fabric-lifecycle-events-v1 2.5.4+bf2a60eb04
	   |-- fabric-loot-api-v2 3.0.38+3f89f5a504
	   |-- fabric-loot-api-v3 1.0.26+203e6b2304
	   |-- fabric-message-api-v1 6.0.26+238a33c004
	   |-- fabric-model-loading-api-v1 4.3.0+ae23723504
	   |-- fabric-networking-api-v1 4.4.0+db5e668204
	   |-- fabric-object-builder-api-v1 18.0.14+38b0d59804
	   |-- fabric-particles-v1 4.0.14+7feeb73304
	   |-- fabric-recipe-api-v1 8.1.1+640e77ae04
	   |-- fabric-registry-sync-v0 6.1.11+4a9c1ece04
	   |-- fabric-renderer-api-v1 5.0.3+50f0feb204
	   |-- fabric-renderer-indigo 2.0.3+50f0feb204
	   |-- fabric-rendering-data-attachment-v1 0.3.58+73761d2e04
	   |-- fabric-rendering-fluids-v1 3.1.19+7feeb73304
	   |-- fabric-rendering-v1 10.2.1+0d31b09f04
	   |-- fabric-resource-conditions-api-v1 5.0.13+203e6b2304
	   |-- fabric-resource-loader-v0 3.1.1+360374ac04
	   |-- fabric-screen-api-v1 2.0.38+7feeb73304
	   |-- fabric-screen-handler-api-v1 1.3.118+7feeb73304
	   |-- fabric-sound-api-v1 1.0.32+7feeb73304
	   |-- fabric-tag-api-v1 1.0.7+7d48d43904
	   |-- fabric-transfer-api-v1 5.4.9+efa825c904
	   \-- fabric-transitive-access-wideners-v1 6.3.2+56e78b9b04
	- fabric-language-kotlin 1.13.4+kotlin.2.2.0
	   |-- org_jetbrains_kotlin_kotlin-reflect 2.2.0
	   |-- org_jetbrains_kotlin_kotlin-stdlib 2.2.0
	   |-- org_jetbrains_kotlin_kotlin-stdlib-jdk7 2.2.0
	   |-- org_jetbrains_kotlin_kotlin-stdlib-jdk8 2.2.0
	   |-- org_jetbrains_kotlinx_atomicfu-jvm 0.28.0
	   |-- org_jetbrains_kotlinx_kotlinx-coroutines-core-jvm 1.10.2
	   |-- org_jetbrains_kotlinx_kotlinx-coroutines-jdk8 1.10.2
	   |-- org_jetbrains_kotlinx_kotlinx-datetime-jvm 0.6.2
	   |-- org_jetbrains_kotlinx_kotlinx-io-bytestring-jvm 0.7.0
	   |-- org_jetbrains_kotlinx_kotlinx-io-core-jvm 0.7.0
	   |-- org_jetbrains_kotlinx_kotlinx-serialization-cbor-jvm 1.8.1
	   |-- org_jetbrains_kotlinx_kotlinx-serialization-core-jvm 1.8.1
	   \-- org_jetbrains_kotlinx_kotlinx-serialization-json-jvm 1.8.1
	- fabricloader 0.16.14
	   \-- mixinextras 0.4.1
	- fabrictailor 2.6.3
	   |-- config2brigadier 2.0.1
	   |    \-- fabric-permissions-api-v0 0.3.3
	   \-- fabric-permissions-api-v0 0.3.3
	- ferritecore 7.1.1
	- forgeconfigapiport 21.4.1
	   |-- com_electronwill_night-config_core 3.8.1
	   \-- com_electronwill_night-config_toml 3.8.1
	- fzzy_config 0.7.1+1.21.3
	   |-- blue_endless_jankson 1.2.3
	   |-- fabric-permissions-api-v0 0.3.3
	   \-- net_peanuuutz_tomlkt_tomlkt-jvm 0.3.7
	- immersivelanterns 1.0.6
	- immersivewind 0.8.2
	- java 21
	- krypton 0.2.8
	   \-- com_velocitypowered_velocity-native 3.3.0-SNAPSHOT
	- lithium 0.15.3+mc1.21.4
	- lithostitched 1.4.4
	- minecraft 1.21.4
	- modernfix 5.20.3+mc1.21.4
	- owo 0.12.20+1.21.4
	   |-- io_wispforest_endec 0.1.9
	   |-- io_wispforest_endec_gson 0.1.6
	   |-- io_wispforest_endec_jankson 0.1.6
	   \-- io_wispforest_endec_netty 0.1.5
	- placeholder-api 2.5.2+1.21.3
	- tectonic 2.4.3
	- txnilib 1.0.24
	- wwoo 2.4.3
	- yet_another_config_lib_v3 3.7.1+1.21.4-fabric
	   |-- com_twelvemonkeys_common_common-image 3.12.0
	   |-- com_twelvemonkeys_common_common-io 3.12.0
	   |-- com_twelvemonkeys_common_common-lang 3.12.0
	   |-- com_twelvemonkeys_imageio_imageio-core 3.12.0
	   |-- com_twelvemonkeys_imageio_imageio-metadata 3.12.0
	   |-- com_twelvemonkeys_imageio_imageio-webp 3.12.0
	   |-- org_quiltmc_parsers_gson 0.2.1
	   \-- org_quiltmc_parsers_json 0.2.1
[05:23:05] [main/INFO]: SpongePowered MIXIN Subsystem Version=0.8.7 Source=file:/workspaces/server-2/servidor_minecraft/libraries/net/fabricmc/sponge-mixin/0.15.5+mixin.0.8.7/sponge-mixin-0.15.5+mixin.0.8.7.jar Service=Knot/Fabric Env=SERVER
[05:23:05] [main/INFO]: Compatibility level set to JAVA_17
[05:23:05] [main/INFO]: Compatibility level set to JAVA_21
[05:23:05] [main/INFO]: Initializing com.ishland.c2me.base.mixin
[05:23:05] [main/INFO]: Global Executor Parallelism: 1 configured, 1 evaluated, 1 default evaluated
[05:23:05] [main/INFO]: Initializing com.ishland.c2me.fixes.chunkio.threading_issues.mixin
[05:23:05] [main/INFO]: Initializing com.ishland.c2me.fixes.general.threading_issues.mixin
[05:23:05] [main/INFO]: Initializing com.ishland.c2me.fixes.worldgen.threading_issues.mixin
[05:23:05] [main/INFO]: Initializing com.ishland.c2me.fixes.worldgen.vanilla_bugs.mixin
[05:23:05] [main/INFO]: Initializing com.ishland.c2me.notickvd.mixin
[05:23:05] [main/INFO]: Initializing com.ishland.c2me.opts.allocs.mixin
[05:23:05] [main/INFO]: Initializing com.ishland.c2me.opts.chunkio.mixin
[05:23:05] [main/INFO]: Initializing com.ishland.c2me.opts.dfc.mixin
[05:23:05] [main/INFO]: Initializing com.ishland.c2me.opts.math.mixin
[05:23:05] [main/INFO]: Initializing com.ishland.c2me.opts.scheduling.mixin
[05:23:05] [main/INFO]: Initializing com.ishland.c2me.opts.worldgen.general.mixin
[05:23:05] [main/INFO]: Initializing com.ishland.c2me.opts.worldgen.vanilla.mixin
[05:23:05] [main/INFO]: Initializing com.ishland.c2me.rewrites.chunk_serializer.mixin
[05:23:05] [main/INFO]: Disabling config ioSystem.gcFreeChunkSerializer: Incompatible with architectury@15.0.3 (*) (defined in c2me)
[05:23:05] [main/INFO]: Disabling com.ishland.c2me.rewrites.chunk_serializer.mixin
[05:23:05] [main/INFO]: Initializing com.ishland.c2me.rewrites.chunksystem.mixin
[05:23:05] [main/INFO]: Initializing com.ishland.c2me.rewrites.chunkio.mixin
[05:23:05] [main/INFO]: Initializing com.ishland.c2me.server.utils.mixin
[05:23:05] [main/INFO]: Initializing com.ishland.c2me.threading.lighting.mixin
[05:23:05] [main/WARN]: Reference map 'do_a_barrel_roll.refmap.json' for do_a_barrel_roll.mixins.json could not be read. If this is a development environment you can ignore this message
[05:23:05] [main/WARN]: Reference map 'do_a_barrel_roll.refmap.json' for do_a_barrel_roll.compat.modmenu.mixins.json could not be read. If this is a development environment you can ignore this message
[05:23:05] [main/WARN]: Reference map 'forgeconfigapiport.common.refmap.json' for forgeconfigapiport.common.mixins.json could not be read. If this is a development environment you can ignore this message
[05:23:05] [main/WARN]: Mod 'ferritecore' attempted to override option 'mixin.alloc.blockstate', which doesn't exist, ignoring
[05:23:05] [main/INFO]: Loaded configuration file for Lithium: 158 options available, 0 override(s) found.
[05:23:06] [main/INFO]: Loaded configuration file for ModernFix 5.20.3+mc1.21.4: 54 options available, 4 override(s) found
[05:23:06] [main/WARN]: Option 'mixin.bugfix.paper_chunk_patches' overriden (by mods [c2me]) to 'false'
[05:23:06] [main/WARN]: Option 'mixin.perf.cache_strongholds' overriden (by mods [c2me]) to 'false'
[05:23:06] [main/WARN]: Option 'mixin.perf.nbt_memory_usage' overriden (by mods [c2me]) to 'false'
[05:23:06] [main/WARN]: Option 'mixin.bugfix.chunk_deadlock' overriden (by mods [c2me]) to 'false'
[05:23:06] [main/INFO]: Applying Nashorn fix
[05:23:06] [main/WARN]: Reference map 'yet_another_config_lib_v3.refmap.json' for yacl.mixins.json could not be read. If this is a development environment you can ignore this message
[05:23:06] [main/WARN]: Reference map 'yet_another_config_lib_v3.refmap.json' for yacl-fabric.mixins.json could not be read. If this is a development environment you can ignore this message
[05:23:07] [main/WARN]: Error loading class: ca/spottedleaf/starlight/common/thread/SchedulingUtil (java.lang.ClassNotFoundException: ca/spottedleaf/starlight/common/thread/SchedulingUtil)
[05:23:07] [main/WARN]: Error loading class: net/minecraft/class_287 (java.lang.ClassNotFoundException: net/minecraft/class_287)
[05:23:07] [main/WARN]: @Mixin target net.minecraft.class_287 was not found owo.mixins.json:BufferBuilderAccessor from mod owo
[05:23:07] [main/WARN]: Error loading class: net/minecraft/class_437 (java.lang.ClassNotFoundException: net/minecraft/class_437)
[05:23:07] [main/WARN]: @Mixin target net.minecraft.class_437 was not found owo.mixins.json:ScreenAccessor from mod owo
[05:23:07] [main/WARN]: Error loading class: xyz/nucleoid/server/translations/impl/language/SystemDelegatedLanguage (java.lang.ClassNotFoundException: xyz/nucleoid/server/translations/impl/language/SystemDelegatedLanguage)
[05:23:07] [main/INFO]: Initializing MixinExtras via com.llamalad7.mixinextras.service.MixinExtrasServiceImpl(version=0.4.1).
[05:23:08] [main/WARN]: @Inject(@At("INVOKE")) Shift.BY=2 on accessories-common.mixins.json:NbtCompoundMixin from mod accessories::handler$zzn000$accessories$adjustCheckForListVariants exceeds the maximum allowed value: 0. Increase the value of maxShiftBy to suppress this warning.
[05:23:11] [main/WARN]: Method overwrite conflict for method_21740 in modernfix-common.mixins.json:perf.remove_biome_temperature_cache.BiomeMixin from mod modernfix, previously written by net.caffeinemc.mods.lithium.mixin.world.temperature_cache.BiomeMixin. Skipping method.
[05:23:15] [main/INFO]: Vanilla bootstrap took 6553 milliseconds
[05:23:15] [main/INFO]: Registering Listeners!
[05:23:16] [Cicada thread 0/INFO]: [cicada] I used the JSON to destroy the JSON.
[05:23:17] [main/INFO]: Initializing Immersive Winds0.8.3
[05:23:17] [main/INFO]: Loading Immersive Winds config
[05:23:17] [main/INFO]: Immersive Winds Config loaded
[05:23:17] [main/INFO]: Registering Wind networking...
[05:23:17] [main/INFO]: Registering: S2C
[05:23:17] [main/INFO]: Registering: C2S
[05:23:17] [main/INFO]: Wind networking registered successfully!
[05:23:17] [main/INFO]: Wind networking registered
[05:23:17] [main/INFO]: Immersive Winds Particles registered
[05:23:17] [main/INFO]: Wind Wisp registered
[05:23:17] [main/INFO]: Compression will use libdeflate (Linux x86_64), encryption will use OpenSSL 3.0.x (Linux x86_64)
[05:23:17] [main/INFO]: remember to update ubuntu, before it is too late
[05:23:17] [main/INFO]: [STDOUT]: TxniLib onInitialize!
[05:23:17] [main/INFO]: Initializing Distant Horizons server, firing DhApiBeforeDhInitEvent event...
[05:23:17] [main/INFO]: Distant Horizons, Version: 2.3.4-b
[05:23:17] [main/INFO]: Registering Fabric Server Events
[05:23:17] [main/INFO]: Distant Horizons server Initialized, adding event subscribers...
[05:23:17] [main/INFO]: Krypton is now accelerating your Minecraft server's networking stack 🚀
[05:23:17] [main/INFO]: Environment: Environment[sessionHost=https://sessionserver.mojang.com, servicesHost=https://api.minecraftservices.com, name=PROD]
[05:23:20] [main/INFO]: Loaded 1370 recipes
[05:23:20] [main/INFO]: Loaded 1481 advancements
[05:23:21] [main/INFO]: Applied 0 biome modifications to 0 of 65 new biomes in 1.569 ms
[05:23:21] [Server thread/INFO]: Initialising config for DistantHorizons
[05:23:21] [Server thread/INFO]: Config for DistantHorizons initialised
[05:23:21] [Server thread/INFO]: Running Delayed setup...
[05:23:21] [Server thread/INFO]: Delayed setup complete, firing DhApiAfterDhInitEvent event...
[05:23:21] [Server thread/INFO]: Checking for Distant Horizons update
[05:23:22] [Server thread/INFO]: Distant Horizons already up to date.
[05:23:22] [Server thread/INFO]: Distant Horizons server Initialized at 
[05:23:22] [Server thread/INFO]: Started [DhServerWorld] of type [SERVER_ONLY].
[05:23:22] [Server thread/INFO]: Starting minecraft server version 1.21.4
[05:23:22] [Server thread/INFO]: Loading properties
[05:23:22] [Server thread/INFO]: Default game type: SURVIVAL
[05:23:22] [Server thread/INFO]: Generating keypair
[05:23:22] [Server thread/INFO]: Starting Minecraft server on *:25565
[05:23:22] [Server thread/INFO]: Using epoll channel type
[05:23:22] [Server thread/WARN]: **** SERVER IS RUNNING IN OFFLINE/INSECURE MODE!
[05:23:22] [Server thread/WARN]: The server will make no attempt to authenticate usernames. Beware.
[05:23:22] [Server thread/WARN]: While this makes the game possible to play without internet access, it also opens up the ability for hackers to connect with any username they choose.
[05:23:22] [Server thread/WARN]: To change this, set "online-mode" to "true" in the server.properties file.
[05:23:22] [Server thread/INFO]: Preparing level "world"
[05:23:22] [Server thread/INFO]: Enforcing safe world random access
[05:23:23] [Server thread/INFO]: [STDOUT]: Density function compilation finished in 435.8 ms
[05:23:23] [Server thread/INFO]: Using TheSpeedyObjectFactory with Unsafe
[05:23:23] [Server thread/INFO]: WIND SAVE DATA INIT
[05:23:23] [Server thread/INFO]: Loaded Clear
[05:23:23] [Server thread/INFO]: Wind loaded from save data - Direction: 109.852875, Strength: 6, Weather: 0
[05:23:23] [Server thread/INFO]: Wind system initialized for overworld
[05:23:23] [DH-Full Data Migration Thread[0]/INFO]: Attempting to migrate data sources for: [minecraft:overworld]-[./world/data]...
[05:23:23] [DH-Full Data Migration Thread[0]/INFO]: Found [0] data sources that need migration.
[05:23:23] [Server thread/INFO]: Started DhServerLevel for [Wrapped{ServerLevel[world]@minecraft:overworld}] at [[LocalSaveStructure@(./world/data)]].
[05:23:23] [DH-Full Data Migration Thread[0]/INFO]: No migration necessary.
[05:23:23] [Server thread/INFO]: [STDOUT]: Density function compilation finished in 10.43 ms
[05:23:23] [DH-Full Data Migration Thread[0]/INFO]: Attempting to migrate data sources for: [minecraft:the_nether]-[./world/DIM-1/data]...
[05:23:23] [DH-Full Data Migration Thread[0]/INFO]: Found [0] data sources that need migration.
[05:23:23] [DH-Full Data Migration Thread[0]/INFO]: No migration necessary.
[05:23:23] [Server thread/INFO]: Started DhServerLevel for [Wrapped{ServerLevel[world]@minecraft:the_nether}] at [[LocalSaveStructure@(./world/DIM-1/data;./world/data)]].
[05:23:23] [Server thread/INFO]: [STDOUT]: Density function compilation finished in 15.24 ms
[05:23:24] [DH-Full Data Migration Thread[0]/INFO]: Attempting to migrate data sources for: [minecraft:the_end]-[./world/DIM1/data]...
[05:23:24] [DH-Full Data Migration Thread[0]/INFO]: Found [0] data sources that need migration.
[05:23:24] [DH-Full Data Migration Thread[0]/INFO]: No migration necessary.
[05:23:24] [Server thread/INFO]: Started DhServerLevel for [Wrapped{ServerLevel[world]@minecraft:the_end}] at [[LocalSaveStructure@(./world/DIM-1/data;./world/DIM1/data;./world/data)]].
[05:23:24] [Server thread/INFO]: Preparing start region for dimension minecraft:overworld
[05:23:24] [DH-ApplyConfigPresetTimer/INFO]: changing preset to: BALANCED
[05:23:24] [DH-ApplyConfigPresetTimer/INFO]: changing preset to: MEDIUM
[05:23:24] [DH-ApplyConfigPresetTimer/INFO]: preset active: BALANCED
[05:23:24] [DH-ApplyConfigPresetTimer/INFO]: preset active: MEDIUM
[05:23:28] [c2me-worker-0/INFO]: Preparing spawn area: 0%
[05:23:28] [c2me-worker-0/INFO]: Preparing spawn area: 0%
[05:23:28] [c2me-worker-0/INFO]: Preparing spawn area: 0%
[05:23:28] [c2me-worker-0/INFO]: Preparing spawn area: 0%
[05:23:28] [c2me-worker-0/INFO]: Preparing spawn area: 0%
[05:23:28] [c2me-worker-0/INFO]: Preparing spawn area: 0%
[05:23:28] [c2me-worker-0/INFO]: Preparing spawn area: 0%
[05:23:28] [c2me-worker-0/INFO]: Preparing spawn area: 0%
[05:23:28] [c2me-worker-0/INFO]: Preparing spawn area: 0%
[05:23:28] [minecraft_overworld - Light/INFO]: Preparing spawn area: 0%
[05:23:28] [Server thread/INFO]: Time elapsed: 4918 ms
[05:23:28] [Server thread/INFO]: Done (6.618s)! For help, type "help"
[05:23:28] [Server thread/WARN]: Dedicated server took 36.35 seconds to load
[05:23:29] [Server thread/INFO]: Immersive Winds World tick event registered
[05:23:29] [Server thread/INFO]: Immersive Wind Wisps Initialized for server
[05:23:29] [Server thread/INFO]: DH TerraFirmaCraft detection: false
[05:23:29] [Server thread/INFO]: ================WORLD_GEN_STEP_INITING=============
[05:23:29] [Server thread/INFO]: C2ME detected: DH's pre-existing chunk accessing will use methods handled by C2ME.
[05:23:29] [Server thread/INFO]: Batch Chunk Generator initialized
[05:23:29] [Server thread/INFO]: Creating world gen queue
[05:23:29] [Server thread/INFO]: Created world gen queue
[05:23:29] [Server thread/INFO]: Set world gen queue for level [minecraft:the_nether].
[05:23:29] [Server thread/INFO]: ================WORLD_GEN_STEP_INITING=============
[05:23:29] [Server thread/INFO]: C2ME detected: DH's pre-existing chunk accessing will use methods handled by C2ME.
[05:23:29] [Server thread/INFO]: Batch Chunk Generator initialized
[05:23:29] [Server thread/INFO]: Creating world gen queue
[05:23:29] [Server thread/INFO]: Created world gen queue
[05:23:29] [Server thread/INFO]: Set world gen queue for level [minecraft:the_end].
[05:23:29] [Server thread/INFO]: ================WORLD_GEN_STEP_INITING=============
[05:23:29] [Server thread/INFO]: C2ME detected: DH's pre-existing chunk accessing will use methods handled by C2ME.
[05:23:29] [Server thread/INFO]: Batch Chunk Generator initialized
[05:23:29] [Server thread/INFO]: Creating world gen queue
[05:23:29] [Server thread/INFO]: Created world gen queue
[05:23:29] [Server thread/INFO]: Set world gen queue for level [minecraft:overworld].
[05:23:34] [Server thread/INFO]: hoti26[/100.97.207.69:64020] logged in with entity id 9 at (50.178040532697, 110.0, -193.61314687714184)
[05:23:34] [Server thread/INFO]: Sending server config values to client
[05:23:34] [Server thread/INFO]: Player [hoti26] joined.
[05:23:34] [Server thread/INFO]: hoti26 joined the game
[05:23:35] [Server thread/INFO]: Receiving client config
[05:23:35] [Server thread/INFO]: [do_a_barrel_roll] Client of hoti26 accepted server config.
[05:24:17] [Server thread/WARN]: hoti26 moved too quickly! 2.189664657404677,-10.276014711640016,2.261521087861425
[05:24:18] [Server thread/WARN]: hoti26 moved too quickly! 0.4456237840944084,-11.14161161612887,0.6671573034836342
[05:24:22] [DH-PriorityTaskPicker Thread[1]/WARN]: Empty height range: [-55 absolute--60 absolute]
[05:24:22] [DH-PriorityTaskPicker Thread[1]/WARN]: Empty height range: [-55 absolute--60 absolute]
[05:24:22] [DH-PriorityTaskPicker Thread[1]/WARN]: Empty height range: [-55 absolute--60 absolute]
[05:25:19] [Server thread/INFO]: [hoti26: Set the time to 1000]
[05:25:25] [Server thread/INFO]: [hoti26: The difficulty has been set to Peaceful]
[05:25:33] [Server thread/INFO]: [hoti26: Set own game mode to Survival Mode]
[05:25:44] [Server thread/INFO]: hoti26 fell from a high place
[05:25:46] [Server thread/INFO]: [do_a_barrel_roll] Client of hoti26 accepted server config.
[05:25:55] [Server thread/INFO]: [hoti26: Set own game mode to Creative Mode]
[05:26:19] [Server thread/INFO]: [hoti26: Set own game mode to Survival Mode]
[05:26:49] [Server thread/WARN]: hoti26 moved too quickly! -17.886643567091525,2.5448699902186434,-1.9610127712766143
[05:26:50] [Server thread/WARN]: hoti26 moved too quickly! -17.841752438501203,2.195591484937836,-2.8751271331275063
[05:26:54] [Server thread/WARN]: Can't keep up! Is the server overloaded? Running 2869ms or 57 ticks behind
[05:26:54] [Server thread/WARN]: hoti26 moved too quickly! -15.58597122216861,-6.358121355400385,-5.2609398943531005
[05:26:55] [Server thread/WARN]: hoti26 moved too quickly! -14.50601628733699,7.9348676640363465,-8.18298829451939
[05:26:59] [Server thread/WARN]: hoti26 moved too quickly! -13.388552796792624,8.001472268334851,-9.298407348325867
[05:27:05] [Server thread/WARN]: hoti26 moved too quickly! -14.575414367547666,-2.9311427354873274,-9.174260701696369
[05:27:13] [Server thread/WARN]: hoti26 moved too quickly! 0.26227120530813863,-3.587830246822392,-17.113380742017398
[05:27:13] [Server thread/WARN]: Can't keep up! Is the server overloaded? Running 2594ms or 51 ticks behind
[05:27:17] [Server thread/WARN]: hoti26 moved too quickly! 16.93632658644748,-4.03601950560784,-0.4891807828360015
[05:27:22] [Server thread/WARN]: hoti26 moved too quickly! 17.916355074904175,2.564812671561839,1.2004789379247427
[05:27:42] [Server thread/WARN]: Can't keep up! Is the server overloaded? Running 2337ms or 46 ticks behind
[05:27:42] [Server thread/WARN]: hoti26 moved too quickly! 15.500488631047972,-2.553940655009967,-8.829984430965553
[05:28:55] [Server thread/INFO]: [hoti26: Set the weather to rain]
[05:30:10] [Server thread/INFO]: [hoti26: Set own game mode to Creative Mode]
[05:31:04] [Netty Epoll Server IO #4/INFO]: Player [hoti26] disconnected.
[05:31:04] [Server thread/INFO]: hoti26 lost connection: Disconnected
[05:31:04] [Server thread/INFO]: hoti26 left the game
[05:31:10] [Server thread/INFO]: hoti26[/100.97.207.69:64338] logged in with entity id 2274 at (105.19526212017736, 121.0, -167.68492213082177)
[05:31:10] [Server thread/INFO]: Sending server config values to client
[05:31:10] [Server thread/INFO]: Player [hoti26] joined.
[05:31:10] [Server thread/INFO]: hoti26 joined the game
[05:31:10] [Server thread/INFO]: Receiving client config
[05:31:10] [Server thread/INFO]: [do_a_barrel_roll] Client of hoti26 accepted server config.
[05:31:34] [Netty Epoll Server IO #6/INFO]: Player [hoti26] disconnected.
[05:31:34] [Server thread/INFO]: hoti26 lost connection: Disconnected
[05:31:34] [Server thread/INFO]: hoti26 left the game
[05:32:58] [Server thread/INFO]: hoti26[/100.97.207.69:64397] logged in with entity id 2477 at (105.19526212017736, 121.0, -167.68492213082177)
[05:32:58] [Server thread/INFO]: Sending server config values to client
[05:32:58] [Server thread/INFO]: Player [hoti26] joined.
[05:32:58] [Server thread/INFO]: hoti26 joined the game
[05:32:58] [Server thread/INFO]: Receiving client config
[05:32:58] [Server thread/INFO]: [do_a_barrel_roll] Client of hoti26 accepted server config.
